<?xml version="1.0" encoding="UTF-8"?>
<!-- Generated by org.testng.reporters.JUnitXMLReporter -->
<testsuite hostname="DESKTOP-30GL0O0" ignored="2" name="Test" tests="8" failures="0" timestamp="2022-05-26T11:36:54 IST" time="0.375" errors="0">
  <testcase name="@BeforeTest setup" time="0.057" classname="com.qa.testproj.Base.BaseTest">
    <failure type="java.lang.NullPointerException">
      <![CDATA[java.lang.NullPointerException
at com.qa.testproj.Base.BasePage.init_Browser(BasePage.java:47)
at com.qa.testproj.Base.BaseTest.setup(BaseTest.java:28)
... Removed 24 stack frames]]>
    </failure>
  </testcase> <!-- @BeforeTest setup -->
  <testcase name="@BeforeClass Acctpgsetup" time="-1.653545213814E9" classname="com.qa.testproj.Tests.AccountsPageTest">
    <skipped/>
  </testcase> <!-- @BeforeClass Acctpgsetup -->
  <testcase name="@AfterTest teardown" time="-1.653545214009E9" classname="com.qa.testproj.Base.BaseTest">
    <skipped/>
  </testcase> <!-- @AfterTest teardown -->
  <testcase name="verifyAccountsPgeTitleTest" time="0.0" classname="com.qa.testproj.Tests.AccountsPageTest">
    <skipped/>
  </testcase> <!-- verifyAccountsPgeTitleTest -->
  <testcase name="verifyAccountHeaderTest" time="0.0" classname="com.qa.testproj.Tests.AccountsPageTest">
    <skipped/>
  </testcase> <!-- verifyAccountHeaderTest -->
  <testcase name="verifyAccountPgSectionsdisplaysTest" time="0.0" classname="com.qa.testproj.Tests.AccountsPageTest">
    <skipped/>
  </testcase> <!-- verifyAccountPgSectionsdisplaysTest -->
  <testcase name="verifyAccountsHeadersTest" time="0.0" classname="com.qa.testproj.Tests.AccountsPageTest">
    <skipped/>
  </testcase> <!-- verifyAccountsHeadersTest -->
  <testcase name="verifySearchFuncTest" time="0.0" classname="com.qa.testproj.Tests.AccountsPageTest">
    <skipped/>
  </testcase> <!-- verifySearchFuncTest -->
  <testcase name="verifyLoginPgTitleTest" time="0.0" classname="com.qa.testproj.Tests.LoginPageTest">
    <skipped/>
  </testcase> <!-- verifyLoginPgTitleTest -->
  <testcase name="verifyExistanceOfForgotPswdTest" time="0.0" classname="com.qa.testproj.Tests.LoginPageTest">
    <skipped/>
  </testcase> <!-- verifyExistanceOfForgotPswdTest -->
  <testcase name="LoginTest" time="0.0" classname="com.qa.testproj.Tests.LoginPageTest">
    <skipped/>
  </testcase> <!-- LoginTest -->
  <testcase name="@BeforeTest setup" time="0.0" classname="com.qa.testproj.Base.BaseTest">
    <ignored/>
  </testcase> <!-- @BeforeTest setup -->
  <testcase name="@AfterTest teardown" time="0.0" classname="com.qa.testproj.Base.BaseTest">
    <ignored/>
  </testcase> <!-- @AfterTest teardown -->
</testsuite> <!-- Test -->
